<?xml version="1.0" encoding="UTF-8"?>
<testng-results ignored="0" total="1" passed="1" failed="0" skipped="0">
  <reporter-output>
  </reporter-output>
  <suite started-at="2024-05-30T21:32:50 EDT" name="Default suite" finished-at="2024-05-30T21:32:55 EDT" duration-ms="5756">
    <groups>
    </groups>
    <test started-at="2024-05-30T21:32:50 EDT" name="Default test" finished-at="2024-05-30T21:32:55 EDT" duration-ms="5756">
      <class name="com.Salesforce.TestCase2">
        <test-method signature="tc_2()[pri:0, instance:com.Salesforce.TestCase2@52719fb6]" started-at="2024-05-30T21:32:50 EDT" name="tc_2" finished-at="2024-05-30T21:32:55 EDT" duration-ms="5722" status="PASS">
          <reporter-output>
          </reporter-output>
        </test-method> <!-- tc_2 -->
      </class> <!-- com.Salesforce.TestCase2 -->
    </test> <!-- Default test -->
  </suite> <!-- Default suite -->
</testng-results>
