<?xml version="1.0" encoding="UTF-8"?>
<testng-results ignored="0" total="1" passed="1" failed="0" skipped="0">
  <reporter-output>
  </reporter-output>
  <suite started-at="2024-05-30T00:04:03 EDT" name="Default suite" finished-at="2024-05-30T00:04:06 EDT" duration-ms="2773">
    <groups>
    </groups>
    <test started-at="2024-05-30T00:04:03 EDT" name="Default test" finished-at="2024-05-30T00:04:06 EDT" duration-ms="2773">
      <class name="com.Salesforce.TestCase1">
        <test-method signature="tc_1()[pri:0, instance:com.Salesforce.TestCase1@52719fb6]" started-at="2024-05-30T00:04:03 EDT" name="tc_1" finished-at="2024-05-30T00:04:06 EDT" duration-ms="2743" status="PASS">
          <reporter-output>
          </reporter-output>
        </test-method> <!-- tc_1 -->
      </class> <!-- com.Salesforce.TestCase1 -->
    </test> <!-- Default test -->
  </suite> <!-- Default suite -->
</testng-results>
